{
  "RSpec": {
    "coverage": {
      "/workspaces/splitsy/app/controllers/sessions_controller.rb": {
        "lines": [
          1,
          null
        ]
      },
      "/workspaces/splitsy/app/controllers/application_controller.rb": {
        "lines": [
          1,
          null,
          null,
          1,
          null
        ]
      },
      "/workspaces/splitsy/app/controllers/transactions_controller.rb": {
        "lines": [
          1,
          1,
          1,
          1,
          1,
          null,
          1,
          1,
          1,
          1,
          1,
          1,
          1,
          null,
          null,
          1,
          43,
          1,
          1,
          null,
          null,
          null,
          1,
          48,
          null,
          null,
          1,
          16,
          16,
          null,
          16,
          48,
          48,
          48,
          48,
          48,
          48,
          48,
          48,
          48,
          null,
          48,
          48,
          48,
          null,
          48,
          48,
          48,
          48,
          28,
          28,
          26,
          null,
          2,
          null,
          null,
          20,
          20,
          12,
          null,
          8,
          null,
          null,
          null,
          null,
          16,
          0,
          0,
          0,
          0,
          0,
          0,
          0,
          null,
          0,
          0,
          0,
          0,
          0,
          0,
          0,
          null,
          0,
          null,
          null,
          0,
          0,
          0,
          null,
          0,
          null,
          null,
          null,
          null,
          16,
          16,
          38,
          38,
          38,
          38,
          null,
          16,
          null,
          null,
          1,
          0,
          0,
          0,
          0,
          0,
          0,
          0,
          0,
          0,
          null,
          0,
          null,
          null,
          0,
          0,
          null,
          0,
          null,
          null,
          null,
          0,
          null,
          null,
          1,
          0,
          0,
          0,
          0,
          0,
          0,
          0,
          0,
          null,
          0,
          null,
          null,
          0,
          0,
          null,
          0,
          null,
          null,
          null,
          0,
          null,
          null,
          1,
          0,
          0,
          0,
          0,
          null,
          0,
          0,
          0,
          null,
          null,
          null,
          null,
          null,
          0,
          null,
          null,
          0,
          0,
          0,
          null,
          null,
          null,
          null,
          0,
          null,
          null,
          null,
          1,
          16,
          16,
          null,
          16,
          16,
          47,
          47,
          2,
          null,
          47,
          47,
          47,
          1,
          null,
          null,
          null,
          null,
          1,
          null,
          null,
          null,
          null,
          1,
          1,
          null,
          null,
          null,
          16,
          16,
          16,
          null,
          null,
          1,
          9,
          9,
          9,
          1,
          null,
          8,
          8,
          8,
          8,
          1,
          null,
          7,
          null,
          null,
          null,
          null,
          1,
          1,
          1,
          1,
          1,
          null,
          null,
          1,
          1,
          null,
          null,
          1,
          1,
          1,
          null,
          null,
          1,
          11,
          11,
          1,
          10,
          1,
          9,
          1,
          8,
          1,
          null,
          7,
          null,
          11,
          null,
          null,
          1,
          11,
          null,
          7,
          6,
          null,
          1,
          null,
          null,
          11,
          null,
          null,
          1,
          1,
          1,
          1,
          1,
          null,
          null,
          1,
          1,
          null,
          null,
          1,
          1,
          1,
          1,
          null,
          null,
          1,
          null,
          null,
          1,
          62,
          null,
          null
        ]
      },
      "/workspaces/splitsy/app/controllers/users_controller.rb": {
        "lines": [
          1,
          1,
          2,
          1,
          1,
          null,
          null,
          null,
          1,
          1,
          null,
          null,
          1,
          1,
          null,
          null,
          1,
          null,
          4,
          2,
          2,
          2,
          null,
          2,
          1,
          1,
          1,
          null,
          1,
          1,
          1,
          null,
          null,
          null,
          1,
          2,
          2,
          null,
          null,
          1,
          0,
          0,
          null,
          null,
          1,
          1,
          1,
          1,
          1,
          null,
          null,
          1,
          null,
          null,
          1,
          3,
          3,
          1,
          1,
          null,
          3,
          2,
          1,
          1,
          null,
          null,
          1,
          1,
          null,
          null,
          null,
          null,
          null,
          1,
          1,
          14,
          null,
          null,
          null
        ]
      },
      "/workspaces/splitsy/app/models/repayment.rb": {
        "lines": [
          1,
          null,
          1,
          1,
          17,
          17,
          17,
          17,
          17,
          2,
          null,
          null,
          17,
          17,
          1,
          null,
          null,
          17,
          null,
          null,
          null,
          null,
          null
        ]
      },
      "/workspaces/splitsy/app/models/transaction.rb": {
        "lines": [
          1,
          1,
          1,
          1,
          35,
          35,
          35,
          35,
          35,
          62,
          null,
          null,
          35,
          35,
          42,
          null,
          null,
          35,
          null,
          null,
          1,
          10,
          4,
          1,
          1,
          3,
          1,
          1,
          null,
          2,
          2,
          null,
          null,
          6,
          1,
          1,
          5,
          1,
          1,
          4,
          2,
          2,
          null,
          2,
          2,
          null,
          null,
          10,
          10,
          10,
          10,
          null,
          null,
          10,
          10,
          9,
          null,
          null,
          10,
          null,
          null,
          1,
          4,
          4,
          4,
          4,
          3,
          null,
          null,
          4,
          4,
          4,
          3,
          null,
          null,
          4,
          null,
          null,
          1,
          null,
          5,
          5,
          10,
          null,
          5,
          null,
          null
        ]
      },
      "/workspaces/splitsy/app/models/user.rb": {
        "lines": [
          1,
          1,
          1,
          15,
          null,
          null
        ]
      },
      "/workspaces/splitsy/app/controllers/repayments_controller.rb": {
        "lines": [
          0,
          0,
          0,
          null,
          0,
          0,
          0,
          0,
          0,
          0,
          null,
          null,
          0,
          0,
          0,
          0,
          0,
          null,
          0,
          0,
          0,
          null,
          0,
          0,
          null,
          0,
          0,
          0,
          0,
          0,
          0,
          0,
          0,
          0,
          null,
          0,
          0,
          0,
          0,
          0,
          0,
          null,
          0,
          0,
          0,
          0,
          0,
          0,
          0,
          0,
          0,
          null,
          0,
          0,
          0,
          0,
          0,
          0,
          null,
          0,
          0,
          0,
          null,
          0,
          0,
          0,
          0,
          0,
          null,
          0,
          null,
          null,
          0,
          0,
          0,
          0,
          null
        ],
        "branches": {
        }
      }
    },
    "timestamp": 1670979781
  }
}
