{
  "RSpec": {
    "coverage": {
      "/Users/yumengbai/Desktop/yumeng/uni/22fall/4152 ESaas/splitsy/app/controllers/repayments_controller.rb": {
        "lines": [
          1,
          1,
          1,
          null,
          1,
          8,
          1,
          1,
          null,
          null,
          null,
          null,
          1,
          1,
          1,
          1,
          null,
          null,
          1,
          1,
          null,
          null,
          1,
          5,
          null,
          5,
          1,
          4,
          2,
          null,
          2,
          null,
          5,
          null,
          null,
          1,
          5,
          null,
          2,
          2,
          2,
          null,
          2,
          2,
          1,
          null,
          1,
          null,
          null,
          5,
          null,
          null,
          null,
          null,
          1,
          null,
          null,
          1,
          0,
          null,
          null,
          null
        ]
      },
      "/Users/yumengbai/Desktop/yumeng/uni/22fall/4152 ESaas/splitsy/app/controllers/application_controller.rb": {
        "lines": [
          1,
          null,
          null,
          1,
          null
        ]
      },
      "/Users/yumengbai/Desktop/yumeng/uni/22fall/4152 ESaas/splitsy/app/controllers/sessions_controller.rb": {
        "lines": [
          1,
          null
        ]
      },
      "/Users/yumengbai/Desktop/yumeng/uni/22fall/4152 ESaas/splitsy/app/controllers/transactions_controller.rb": {
        "lines": [
          1,
          1,
          1,
          1,
          1,
          null,
          1,
          1,
          1,
          1,
          1,
          1,
          1,
          null,
          null,
          1,
          40,
          1,
          1,
          null,
          null,
          null,
          1,
          42,
          null,
          null,
          1,
          12,
          12,
          null,
          12,
          42,
          42,
          42,
          42,
          42,
          42,
          42,
          41,
          41,
          null,
          41,
          41,
          41,
          null,
          41,
          41,
          41,
          41,
          25,
          25,
          24,
          null,
          1,
          null,
          null,
          16,
          16,
          9,
          null,
          7,
          null,
          null,
          null,
          null,
          11,
          0,
          0,
          0,
          0,
          0,
          0,
          0,
          null,
          0,
          0,
          0,
          0,
          0,
          0,
          0,
          null,
          0,
          null,
          null,
          0,
          0,
          0,
          null,
          0,
          null,
          null,
          null,
          null,
          11,
          11,
          33,
          33,
          33,
          33,
          null,
          11,
          null,
          null,
          1,
          0,
          0,
          0,
          0,
          0,
          0,
          0,
          0,
          0,
          null,
          0,
          null,
          null,
          0,
          0,
          null,
          0,
          null,
          null,
          null,
          0,
          null,
          null,
          1,
          0,
          0,
          0,
          0,
          0,
          0,
          0,
          0,
          null,
          0,
          null,
          null,
          0,
          0,
          null,
          0,
          null,
          null,
          null,
          0,
          null,
          null,
          1,
          0,
          0,
          0,
          0,
          null,
          0,
          0,
          0,
          null,
          null,
          null,
          null,
          null,
          0,
          null,
          null,
          0,
          0,
          0,
          null,
          null,
          null,
          null,
          0,
          null,
          null,
          null,
          1,
          12,
          12,
          null,
          12,
          12,
          45,
          45,
          0,
          null,
          45,
          45,
          45,
          1,
          null,
          null,
          null,
          null,
          1,
          null,
          null,
          null,
          null,
          1,
          1,
          null,
          null,
          null,
          12,
          12,
          12,
          null,
          null,
          1,
          10,
          10,
          10,
          2,
          null,
          8,
          8,
          8,
          8,
          1,
          null,
          7,
          null,
          null,
          null,
          null,
          1,
          1,
          1,
          1,
          1,
          null,
          null,
          1,
          1,
          null,
          null,
          1,
          1,
          1,
          null,
          null,
          1,
          11,
          11,
          1,
          10,
          1,
          9,
          1,
          8,
          1,
          null,
          7,
          null,
          11,
          null,
          null,
          1,
          11,
          null,
          7,
          6,
          null,
          1,
          null,
          null,
          11,
          null,
          null,
          1,
          1,
          1,
          1,
          1,
          null,
          null,
          1,
          1,
          null,
          null,
          1,
          1,
          1,
          1,
          null,
          null,
          1,
          null,
          null,
          1,
          62,
          null,
          null
        ]
      },
      "/Users/yumengbai/Desktop/yumeng/uni/22fall/4152 ESaas/splitsy/app/controllers/users_controller.rb": {
        "lines": [
          1,
          1,
          2,
          1,
          1,
          null,
          null,
          null,
          1,
          1,
          null,
          null,
          1,
          1,
          null,
          null,
          1,
          null,
          4,
          2,
          2,
          2,
          null,
          2,
          1,
          1,
          1,
          null,
          1,
          1,
          1,
          null,
          null,
          null,
          1,
          2,
          2,
          null,
          null,
          1,
          0,
          0,
          null,
          null,
          1,
          1,
          1,
          1,
          1,
          null,
          null,
          1,
          null,
          null,
          1,
          3,
          3,
          1,
          1,
          null,
          3,
          2,
          1,
          1,
          null,
          null,
          1,
          1,
          null,
          null,
          null,
          null,
          null,
          1,
          1,
          14,
          null,
          null,
          null
        ]
      },
      "/Users/yumengbai/Desktop/yumeng/uni/22fall/4152 ESaas/splitsy/app/models/repayment.rb": {
        "lines": [
          1,
          null,
          1,
          1,
          14,
          14,
          14,
          14,
          14,
          7,
          null,
          null,
          14,
          14,
          4,
          null,
          null,
          14,
          null,
          null,
          null,
          null,
          null
        ]
      },
      "/Users/yumengbai/Desktop/yumeng/uni/22fall/4152 ESaas/splitsy/app/models/transaction.rb": {
        "lines": [
          1,
          1,
          1,
          1,
          28,
          28,
          28,
          28,
          28,
          64,
          null,
          null,
          28,
          28,
          39,
          null,
          null,
          28,
          null,
          null,
          1,
          10,
          4,
          1,
          1,
          3,
          1,
          1,
          null,
          2,
          2,
          null,
          null,
          6,
          1,
          1,
          5,
          1,
          1,
          4,
          2,
          2,
          null,
          2,
          2,
          null,
          null,
          10,
          10,
          10,
          10,
          null,
          null,
          10,
          10,
          9,
          null,
          null,
          10,
          null,
          null,
          1,
          8,
          8,
          8,
          8,
          3,
          null,
          null,
          8,
          8,
          8,
          7,
          null,
          null,
          8,
          null,
          null,
          1,
          null,
          6,
          6,
          13,
          null,
          6,
          null,
          null
        ]
      },
      "/Users/yumengbai/Desktop/yumeng/uni/22fall/4152 ESaas/splitsy/app/models/user.rb": {
        "lines": [
          1,
          1,
          1,
          15,
          null,
          null
        ]
      }
    },
    "timestamp": 1671038709
  }
}
